app/build/intermediates/manifest_merge_blame_file/debug/manifest-merger-blame-debug-report.txt
1<?xml version="1.0" encoding="utf-8"?>
2<manifest xmlns:android="http://schemas.android.com/apk/res/android"
3    package="com.github.babedev.mpp"
4    android:versionCode="1"
5    android:versionName="1.0" >
6
7    <uses-sdk
8        android:minSdkVersion="15"
8-->src/main/AndroidManifest.xml
9        android:targetSdkVersion="28" />
9-->src/main/AndroidManifest.xml
10
11    <uses-permission android:name="android.permission.INTERNET" />
11-->src/main/AndroidManifest.xml:5:5-67
11-->src/main/AndroidManifest.xml:5:22-64
12
13    <application
13-->src/main/AndroidManifest.xml:7:5-20:19
14        android:allowBackup="true"
14-->src/main/AndroidManifest.xml:8:13-39
15        android:appComponentFactory="android.support.v4.app.CoreComponentFactory"
15-->[com.android.support:support-compat:28.0.0] AndroidManifest.xml:22:18-91
16        android:debuggable="true"
17        android:label="@string/app_name"
17-->src/main/AndroidManifest.xml:9:13-45
18        android:supportsRtl="true"
18-->src/main/AndroidManifest.xml:10:13-39
19        android:testOnly="true"
20        android:theme="@style/AppTheme"
20-->src/main/AndroidManifest.xml:11:13-44
21        android:usesCleartextTraffic="true" >
21-->src/main/AndroidManifest.xml:12:13-48
22        <activity android:name="sample.MainActivity" >
22-->src/main/AndroidManifest.xml:13:9-19:20
22-->src/main/AndroidManifest.xml:13:19-53
23            <intent-filter>
23-->src/main/AndroidManifest.xml:14:13-18:29
24                <action android:name="android.intent.action.MAIN" />
24-->src/main/AndroidManifest.xml:15:17-69
24-->src/main/AndroidManifest.xml:15:25-66
25
26                <category android:name="android.intent.category.LAUNCHER" />
26-->src/main/AndroidManifest.xml:17:17-77
26-->src/main/AndroidManifest.xml:17:27-74
27            </intent-filter>
28        </activity>
29    </application>
30
31</manifest>